DEBUG - 2026-02-13 09:16:05 --> Session: Class initialized using 'CodeIgniter\Session\Handlers\FileHandler' driver.
DEBUG - 2026-02-13 09:27:24 --> Session: Class initialized using 'CodeIgniter\Session\Handlers\FileHandler' driver.
ERROR - 2026-02-13 09:27:33 --> Error connecting to the database: mysqli_sql_exception: Access denied for user 'root'@'localhost' (using password: NO) in /var/www/html/PowerGym/system/Database/MySQLi/Connection.php:201
Stack trace:
#0 /var/www/html/PowerGym/system/Database/MySQLi/Connection.php(201): mysqli->real_connect()
#1 /var/www/html/PowerGym/system/Database/BaseConnection.php(419): CodeIgniter\Database\MySQLi\Connection->connect()
#2 /var/www/html/PowerGym/system/Database/BaseConnection.php(614): CodeIgniter\Database\BaseConnection->initialize()
#3 /var/www/html/PowerGym/system/Database/BaseBuilder.php(1649): CodeIgniter\Database\BaseConnection->query()
#4 /var/www/html/PowerGym/system/Model.php(330): CodeIgniter\Database\BaseBuilder->get()
#5 /var/www/html/PowerGym/system/BaseModel.php(715): CodeIgniter\Model->doFirst()
#6 /var/www/html/PowerGym/app/Controllers/Login.php(33): CodeIgniter\BaseModel->first()
#7 /var/www/html/PowerGym/system/CodeIgniter.php(933): App\Controllers\Login->auth()
#8 /var/www/html/PowerGym/system/CodeIgniter.php(507): CodeIgniter\CodeIgniter->runController()
#9 /var/www/html/PowerGym/system/CodeIgniter.php(354): CodeIgniter\CodeIgniter->handleRequest()
#10 /var/www/html/PowerGym/system/Boot.php(363): CodeIgniter\CodeIgniter->run()
#11 /var/www/html/PowerGym/system/Boot.php(68): CodeIgniter\Boot::runCodeIgniter()
#12 /var/www/html/PowerGym/public/index.php(59): CodeIgniter\Boot::bootWeb()
#13 {main}

Next CodeIgniter\Database\Exceptions\DatabaseException: Access denied for user '****'@'localhost' (using password: NO) in /var/www/html/PowerGym/system/Database/MySQLi/Connection.php:246
Stack trace:
#0 /var/www/html/PowerGym/system/Database/BaseConnection.php(419): CodeIgniter\Database\MySQLi\Connection->connect()
#1 /var/www/html/PowerGym/system/Database/BaseConnection.php(614): CodeIgniter\Database\BaseConnection->initialize()
#2 /var/www/html/PowerGym/system/Database/BaseBuilder.php(1649): CodeIgniter\Database\BaseConnection->query()
#3 /var/www/html/PowerGym/system/Model.php(330): CodeIgniter\Database\BaseBuilder->get()
#4 /var/www/html/PowerGym/system/BaseModel.php(715): CodeIgniter\Model->doFirst()
#5 /var/www/html/PowerGym/app/Controllers/Login.php(33): CodeIgniter\BaseModel->first()
#6 /var/www/html/PowerGym/system/CodeIgniter.php(933): App\Controllers\Login->auth()
#7 /var/www/html/PowerGym/system/CodeIgniter.php(507): CodeIgniter\CodeIgniter->runController()
#8 /var/www/html/PowerGym/system/CodeIgniter.php(354): CodeIgniter\CodeIgniter->handleRequest()
#9 /var/www/html/PowerGym/system/Boot.php(363): CodeIgniter\CodeIgniter->run()
#10 /var/www/html/PowerGym/system/Boot.php(68): CodeIgniter\Boot::runCodeIgniter()
#11 /var/www/html/PowerGym/public/index.php(59): CodeIgniter\Boot::bootWeb()
#12 {main}
CRITICAL - 2026-02-13 09:27:33 --> CodeIgniter\Database\Exceptions\DatabaseException: Unable to connect to the database.
Main connection [MySQLi]: Access denied for user '****'@'localhost' (using password: NO)
[Method: POST, Route: auth]
in SYSTEMPATH/Database/BaseConnection.php on line 465.
 1 SYSTEMPATH/Database/BaseConnection.php(614): CodeIgniter\Database\BaseConnection->initialize()
 2 SYSTEMPATH/Database/BaseBuilder.php(1649): CodeIgniter\Database\BaseConnection->query()
 3 SYSTEMPATH/Model.php(330): CodeIgniter\Database\BaseBuilder->get()
 4 SYSTEMPATH/BaseModel.php(715): CodeIgniter\Model->doFirst()
 5 APPPATH/Controllers/Login.php(33): CodeIgniter\BaseModel->first()
 6 SYSTEMPATH/CodeIgniter.php(933): App\Controllers\Login->auth()
 7 SYSTEMPATH/CodeIgniter.php(507): CodeIgniter\CodeIgniter->runController()
 8 SYSTEMPATH/CodeIgniter.php(354): CodeIgniter\CodeIgniter->handleRequest()
 9 SYSTEMPATH/Boot.php(363): CodeIgniter\CodeIgniter->run()
10 SYSTEMPATH/Boot.php(68): CodeIgniter\Boot::runCodeIgniter()
11 FCPATH/index.php(59): CodeIgniter\Boot::bootWeb()
DEBUG - 2026-02-13 09:27:55 --> Session: Class initialized using 'CodeIgniter\Session\Handlers\FileHandler' driver.
